<?xml version="1.0" encoding="UTF-8"?>
<testng-results ignored="0" total="1" passed="1" failed="0" skipped="0">
  <reporter-output>
  </reporter-output>
  <suite started-at="2026-02-21T19:17:27 IST" name="SauceDemo Suite" finished-at="2026-02-21T19:17:49 IST" duration-ms="21866">
    <groups>
    </groups>
    <test started-at="2026-02-21T19:17:27 IST" name="Functional Test" finished-at="2026-02-21T19:17:49 IST" duration-ms="21866">
      <class name="testcases.AddToCartTest">
        <test-method is-config="true" signature="setup()[pri:0, instance:testcases.AddToCartTest@6ad82709]" started-at="2026-02-21T19:17:27 IST" name="setup" finished-at="2026-02-21T19:17:32 IST" duration-ms="4344" status="PASS">
          <reporter-output>
          </reporter-output>
        </test-method> <!-- setup -->
        <test-method signature="validateCart()[pri:0, instance:testcases.AddToCartTest@6ad82709]" started-at="2026-02-21T19:17:32 IST" name="validateCart" finished-at="2026-02-21T19:17:48 IST" duration-ms="16169" status="PASS">
          <reporter-output>
          </reporter-output>
        </test-method> <!-- validateCart -->
        <test-method is-config="true" signature="tearDown()[pri:0, instance:testcases.AddToCartTest@6ad82709]" started-at="2026-02-21T19:17:48 IST" name="tearDown" finished-at="2026-02-21T19:17:49 IST" duration-ms="858" status="PASS">
          <reporter-output>
          </reporter-output>
        </test-method> <!-- tearDown -->
      </class> <!-- testcases.AddToCartTest -->
    </test> <!-- Functional Test -->
  </suite> <!-- SauceDemo Suite -->
</testng-results>
